{"/home/gonv/projects/personal/courses/fullstack-helsinki.fi/part5/bloglist-frontend/src/App.jsx": {"path":"/home/gonv/projects/personal/courses/fullstack-helsinki.fi/part5/bloglist-frontend/src/App.jsx","statementMap":{"0":{"start":{"line":10,"column":12},"end":{"line":151,"column":1}},"1":{"start":{"line":11,"column":28},"end":{"line":11,"column":40}},"2":{"start":{"line":12,"column":34},"end":{"line":12,"column":46}},"3":{"start":{"line":13,"column":34},"end":{"line":13,"column":46}},"4":{"start":{"line":14,"column":26},"end":{"line":14,"column":40}},"5":{"start":{"line":15,"column":42},"end":{"line":15,"column":73}},"6":{"start":{"line":17,"column":2},"end":{"line":19,"column":8}},"7":{"start":{"line":18,"column":4},"end":{"line":18,"column":55}},"8":{"start":{"line":18,"column":39},"end":{"line":18,"column":54}},"9":{"start":{"line":21,"column":2},"end":{"line":28,"column":8}},"10":{"start":{"line":22,"column":27},"end":{"line":22,"column":68}},"11":{"start":{"line":23,"column":4},"end":{"line":27,"column":5}},"12":{"start":{"line":24,"column":19},"end":{"line":24,"column":45}},"13":{"start":{"line":25,"column":6},"end":{"line":25,"column":19}},"14":{"start":{"line":26,"column":6},"end":{"line":26,"column":38}},"15":{"start":{"line":30,"column":21},"end":{"line":30,"column":29}},"16":{"start":{"line":31,"column":31},"end":{"line":31,"column":75}},"17":{"start":{"line":31,"column":57},"end":{"line":31,"column":74}},"18":{"start":{"line":33,"column":22},"end":{"line":51,"column":3}},"19":{"start":{"line":34,"column":4},"end":{"line":34,"column":26}},"20":{"start":{"line":36,"column":4},"end":{"line":50,"column":5}},"21":{"start":{"line":37,"column":19},"end":{"line":40,"column":8}},"22":{"start":{"line":41,"column":6},"end":{"line":41,"column":69}},"23":{"start":{"line":42,"column":6},"end":{"line":42,"column":19}},"24":{"start":{"line":43,"column":6},"end":{"line":43,"column":38}},"25":{"start":{"line":44,"column":6},"end":{"line":44,"column":21}},"26":{"start":{"line":45,"column":6},"end":{"line":45,"column":21}},"27":{"start":{"line":46,"column":6},"end":{"line":46,"column":65}},"28":{"start":{"line":48,"column":6},"end":{"line":48,"column":28}},"29":{"start":{"line":49,"column":6},"end":{"line":49,"column":75}},"30":{"start":{"line":53,"column":23},"end":{"line":57,"column":3}},"31":{"start":{"line":54,"column":4},"end":{"line":54,"column":48}},"32":{"start":{"line":55,"column":4},"end":{"line":55,"column":17}},"33":{"start":{"line":56,"column":4},"end":{"line":56,"column":42}},"34":{"start":{"line":59,"column":18},"end":{"line":75,"column":3}},"35":{"start":{"line":60,"column":4},"end":{"line":74,"column":5}},"36":{"start":{"line":61,"column":23},"end":{"line":61,"column":59}},"37":{"start":{"line":62,"column":6},"end":{"line":62,"column":43}},"38":{"start":{"line":63,"column":21},"end":{"line":63,"column":34}},"39":{"start":{"line":64,"column":19},"end":{"line":64,"column":27}},"40":{"start":{"line":65,"column":6},"end":{"line":65,"column":74}},"41":{"start":{"line":66,"column":6},"end":{"line":66,"column":34}},"42":{"start":{"line":67,"column":6},"end":{"line":70,"column":8}},"43":{"start":{"line":72,"column":6},"end":{"line":72,"column":28}},"44":{"start":{"line":73,"column":6},"end":{"line":73,"column":70}},"45":{"start":{"line":77,"column":21},"end":{"line":96,"column":3}},"46":{"start":{"line":78,"column":4},"end":{"line":95,"column":5}},"47":{"start":{"line":79,"column":19},"end":{"line":79,"column":59}},"48":{"start":{"line":80,"column":31},"end":{"line":80,"column":70}},"49":{"start":{"line":80,"column":55},"end":{"line":80,"column":69}},"50":{"start":{"line":81,"column":26},"end":{"line":81,"column":75}},"51":{"start":{"line":82,"column":23},"end":{"line":86,"column":7}},"52":{"start":{"line":87,"column":6},"end":{"line":87,"column":24}},"53":{"start":{"line":88,"column":6},"end":{"line":91,"column":8}},"54":{"start":{"line":93,"column":6},"end":{"line":93,"column":28}},"55":{"start":{"line":94,"column":6},"end":{"line":94,"column":70}},"56":{"start":{"line":98,"column":21},"end":{"line":111,"column":3}},"57":{"start":{"line":99,"column":4},"end":{"line":110,"column":5}},"58":{"start":{"line":100,"column":6},"end":{"line":100,"column":34}},"59":{"start":{"line":101,"column":23},"end":{"line":101,"column":53}},"60":{"start":{"line":101,"column":41},"end":{"line":101,"column":52}},"61":{"start":{"line":102,"column":6},"end":{"line":102,"column":24}},"62":{"start":{"line":103,"column":6},"end":{"line":106,"column":8}},"63":{"start":{"line":108,"column":6},"end":{"line":108,"column":28}},"64":{"start":{"line":109,"column":6},"end":{"line":109,"column":70}},"65":{"start":{"line":113,"column":2},"end":{"line":150,"column":3}},"66":{"start":{"line":124,"column":48},"end":{"line":124,"column":73}},"67":{"start":{"line":125,"column":48},"end":{"line":125,"column":73}},"68":{"start":{"line":139,"column":12},"end":{"line":145,"column":14}}},"fnMap":{"0":{"name":"(anonymous_0)","decl":{"start":{"line":10,"column":12},"end":{"line":10,"column":13}},"loc":{"start":{"line":10,"column":18},"end":{"line":151,"column":1}},"line":10},"1":{"name":"(anonymous_1)","decl":{"start":{"line":17,"column":12},"end":{"line":17,"column":13}},"loc":{"start":{"line":17,"column":18},"end":{"line":19,"column":3}},"line":17},"2":{"name":"(anonymous_2)","decl":{"start":{"line":18,"column":30},"end":{"line":18,"column":31}},"loc":{"start":{"line":18,"column":39},"end":{"line":18,"column":54}},"line":18},"3":{"name":"(anonymous_3)","decl":{"start":{"line":21,"column":12},"end":{"line":21,"column":13}},"loc":{"start":{"line":21,"column":18},"end":{"line":28,"column":3}},"line":21},"4":{"name":"(anonymous_4)","decl":{"start":{"line":31,"column":47},"end":{"line":31,"column":48}},"loc":{"start":{"line":31,"column":57},"end":{"line":31,"column":74}},"line":31},"5":{"name":"(anonymous_5)","decl":{"start":{"line":33,"column":22},"end":{"line":33,"column":23}},"loc":{"start":{"line":33,"column":37},"end":{"line":51,"column":3}},"line":33},"6":{"name":"(anonymous_6)","decl":{"start":{"line":53,"column":23},"end":{"line":53,"column":24}},"loc":{"start":{"line":53,"column":29},"end":{"line":57,"column":3}},"line":53},"7":{"name":"(anonymous_7)","decl":{"start":{"line":59,"column":18},"end":{"line":59,"column":19}},"loc":{"start":{"line":59,"column":38},"end":{"line":75,"column":3}},"line":59},"8":{"name":"(anonymous_8)","decl":{"start":{"line":77,"column":21},"end":{"line":77,"column":22}},"loc":{"start":{"line":77,"column":47},"end":{"line":96,"column":3}},"line":77},"9":{"name":"(anonymous_9)","decl":{"start":{"line":80,"column":47},"end":{"line":80,"column":48}},"loc":{"start":{"line":80,"column":55},"end":{"line":80,"column":69}},"line":80},"10":{"name":"(anonymous_10)","decl":{"start":{"line":98,"column":21},"end":{"line":98,"column":22}},"loc":{"start":{"line":98,"column":33},"end":{"line":111,"column":3}},"line":98},"11":{"name":"(anonymous_11)","decl":{"start":{"line":101,"column":36},"end":{"line":101,"column":37}},"loc":{"start":{"line":101,"column":41},"end":{"line":101,"column":52}},"line":101},"12":{"name":"(anonymous_12)","decl":{"start":{"line":124,"column":32},"end":{"line":124,"column":33}},"loc":{"start":{"line":124,"column":48},"end":{"line":124,"column":73}},"line":124},"13":{"name":"(anonymous_13)","decl":{"start":{"line":125,"column":32},"end":{"line":125,"column":33}},"loc":{"start":{"line":125,"column":48},"end":{"line":125,"column":73}},"line":125},"14":{"name":"(anonymous_14)","decl":{"start":{"line":138,"column":36},"end":{"line":138,"column":37}},"loc":{"start":{"line":139,"column":12},"end":{"line":145,"column":14}},"line":139}},"branchMap":{"0":{"loc":{"start":{"line":23,"column":4},"end":{"line":27,"column":5}},"type":"if","locations":[{"start":{"line":23,"column":4},"end":{"line":27,"column":5}},{"start":{},"end":{}}],"line":23},"1":{"loc":{"start":{"line":115,"column":7},"end":{"line":115,"column":62}},"type":"cond-expr","locations":[{"start":{"line":115,"column":15},"end":{"line":115,"column":45}},{"start":{"line":115,"column":48},"end":{"line":115,"column":62}}],"line":115},"2":{"loc":{"start":{"line":120,"column":7},"end":{"line":148,"column":7}},"type":"cond-expr","locations":[{"start":{"line":121,"column":8},"end":{"line":127,"column":10}},{"start":{"line":129,"column":8},"end":{"line":147,"column":14}}],"line":120}},"s":{"0":0,"1":0,"2":0,"3":0,"4":0,"5":0,"6":0,"7":0,"8":0,"9":0,"10":0,"11":0,"12":0,"13":0,"14":0,"15":0,"16":0,"17":0,"18":0,"19":0,"20":0,"21":0,"22":0,"23":0,"24":0,"25":0,"26":0,"27":0,"28":0,"29":0,"30":0,"31":0,"32":0,"33":0,"34":0,"35":0,"36":0,"37":0,"38":0,"39":0,"40":0,"41":0,"42":0,"43":0,"44":0,"45":0,"46":0,"47":0,"48":0,"49":0,"50":0,"51":0,"52":0,"53":0,"54":0,"55":0,"56":0,"57":0,"58":0,"59":0,"60":0,"61":0,"62":0,"63":0,"64":0,"65":0,"66":0,"67":0,"68":0},"f":{"0":0,"1":0,"2":0,"3":0,"4":0,"5":0,"6":0,"7":0,"8":0,"9":0,"10":0,"11":0,"12":0,"13":0,"14":0},"b":{"0":[0,0],"1":[0,0],"2":[0,0]}}
,"/home/gonv/projects/personal/courses/fullstack-helsinki.fi/part5/bloglist-frontend/src/main.jsx": {"path":"/home/gonv/projects/personal/courses/fullstack-helsinki.fi/part5/bloglist-frontend/src/main.jsx","statementMap":{"0":{"start":{"line":5,"column":0},"end":{"line":5,"column":68}}},"fnMap":{},"branchMap":{},"s":{"0":0},"f":{},"b":{}}
,"/home/gonv/projects/personal/courses/fullstack-helsinki.fi/part5/bloglist-frontend/src/components/Blog.jsx": {"path":"/home/gonv/projects/personal/courses/fullstack-helsinki.fi/part5/bloglist-frontend/src/components/Blog.jsx","statementMap":{"0":{"start":{"line":3,"column":13},"end":{"line":61,"column":1}},"1":{"start":{"line":4,"column":46},"end":{"line":4,"column":61}},"2":{"start":{"line":6,"column":20},"end":{"line":12,"column":3}},"3":{"start":{"line":14,"column":24},"end":{"line":24,"column":3}},"4":{"start":{"line":15,"column":24},"end":{"line":21,"column":5}},"5":{"start":{"line":23,"column":4},"end":{"line":23,"column":36}},"6":{"start":{"line":26,"column":21},"end":{"line":31,"column":3}},"7":{"start":{"line":27,"column":20},"end":{"line":29,"column":5}},"8":{"start":{"line":30,"column":4},"end":{"line":30,"column":34}},"9":{"start":{"line":33,"column":2},"end":{"line":60,"column":3}},"10":{"start":{"line":38,"column":33},"end":{"line":38,"column":56}},"11":{"start":{"line":41,"column":33},"end":{"line":41,"column":57}}},"fnMap":{"0":{"name":"(anonymous_0)","decl":{"start":{"line":3,"column":13},"end":{"line":3,"column":14}},"loc":{"start":{"line":3,"column":57},"end":{"line":61,"column":1}},"line":3},"1":{"name":"(anonymous_1)","decl":{"start":{"line":14,"column":24},"end":{"line":14,"column":25}},"loc":{"start":{"line":14,"column":30},"end":{"line":24,"column":3}},"line":14},"2":{"name":"(anonymous_2)","decl":{"start":{"line":26,"column":21},"end":{"line":26,"column":22}},"loc":{"start":{"line":26,"column":27},"end":{"line":31,"column":3}},"line":26},"3":{"name":"(anonymous_3)","decl":{"start":{"line":38,"column":27},"end":{"line":38,"column":28}},"loc":{"start":{"line":38,"column":33},"end":{"line":38,"column":56}},"line":38},"4":{"name":"(anonymous_4)","decl":{"start":{"line":41,"column":27},"end":{"line":41,"column":28}},"loc":{"start":{"line":41,"column":33},"end":{"line":41,"column":57}},"line":41}},"branchMap":{"0":{"loc":{"start":{"line":30,"column":4},"end":{"line":30,"column":34}},"type":"binary-expr","locations":[{"start":{"line":30,"column":4},"end":{"line":30,"column":11}},{"start":{"line":30,"column":15},"end":{"line":30,"column":34}}],"line":30},"1":{"loc":{"start":{"line":37,"column":9},"end":{"line":39,"column":9}},"type":"binary-expr","locations":[{"start":{"line":37,"column":9},"end":{"line":37,"column":24}},{"start":{"line":38,"column":10},"end":{"line":38,"column":71}}],"line":37},"2":{"loc":{"start":{"line":40,"column":9},"end":{"line":42,"column":9}},"type":"binary-expr","locations":[{"start":{"line":40,"column":9},"end":{"line":40,"column":23}},{"start":{"line":41,"column":10},"end":{"line":41,"column":72}}],"line":40},"3":{"loc":{"start":{"line":44,"column":7},"end":{"line":58,"column":7}},"type":"binary-expr","locations":[{"start":{"line":44,"column":7},"end":{"line":44,"column":21}},{"start":{"line":45,"column":8},"end":{"line":57,"column":14}}],"line":44},"4":{"loc":{"start":{"line":53,"column":13},"end":{"line":55,"column":13}},"type":"binary-expr","locations":[{"start":{"line":53,"column":13},"end":{"line":53,"column":49}},{"start":{"line":54,"column":14},"end":{"line":54,"column":58}}],"line":53}},"s":{"0":1,"1":5,"2":5,"3":5,"4":2,"5":2,"6":5,"7":0,"8":0,"9":5,"10":2,"11":0},"f":{"0":5,"1":2,"2":0,"3":2,"4":0},"b":{"0":[0,0],"1":[5,3],"2":[5,2],"3":[5,2],"4":[2,2]},"_coverageSchema":"1a1c01bbd47fc00a2c39e90264f33305004495a9","hash":"8289629b91b1e59a1a52a5d171d9e2de00e96a5c"}
,"/home/gonv/projects/personal/courses/fullstack-helsinki.fi/part5/bloglist-frontend/src/components/BlogForm.jsx": {"path":"/home/gonv/projects/personal/courses/fullstack-helsinki.fi/part5/bloglist-frontend/src/components/BlogForm.jsx","statementMap":{"0":{"start":{"line":3,"column":17},"end":{"line":56,"column":1}},"1":{"start":{"line":4,"column":32},"end":{"line":4,"column":76}},"2":{"start":{"line":6,"column":18},"end":{"line":10,"column":3}},"3":{"start":{"line":7,"column":4},"end":{"line":7,"column":26}},"4":{"start":{"line":8,"column":4},"end":{"line":8,"column":23}},"5":{"start":{"line":9,"column":4},"end":{"line":9,"column":50}},"6":{"start":{"line":12,"column":2},"end":{"line":55,"column":3}},"7":{"start":{"line":21,"column":34},"end":{"line":21,"column":48}},"8":{"start":{"line":22,"column":14},"end":{"line":22,"column":46}},"9":{"start":{"line":23,"column":14},"end":{"line":23,"column":37}},"10":{"start":{"line":33,"column":34},"end":{"line":33,"column":48}},"11":{"start":{"line":34,"column":14},"end":{"line":34,"column":47}},"12":{"start":{"line":35,"column":14},"end":{"line":35,"column":37}},"13":{"start":{"line":45,"column":34},"end":{"line":45,"column":48}},"14":{"start":{"line":46,"column":14},"end":{"line":46,"column":44}},"15":{"start":{"line":47,"column":14},"end":{"line":47,"column":37}}},"fnMap":{"0":{"name":"(anonymous_0)","decl":{"start":{"line":3,"column":17},"end":{"line":3,"column":18}},"loc":{"start":{"line":3,"column":37},"end":{"line":56,"column":1}},"line":3},"1":{"name":"(anonymous_1)","decl":{"start":{"line":6,"column":18},"end":{"line":6,"column":19}},"loc":{"start":{"line":6,"column":33},"end":{"line":10,"column":3}},"line":6},"2":{"name":"(anonymous_2)","decl":{"start":{"line":20,"column":22},"end":{"line":20,"column":23}},"loc":{"start":{"line":20,"column":38},"end":{"line":24,"column":13}},"line":20},"3":{"name":"(anonymous_3)","decl":{"start":{"line":32,"column":22},"end":{"line":32,"column":23}},"loc":{"start":{"line":32,"column":38},"end":{"line":36,"column":13}},"line":32},"4":{"name":"(anonymous_4)","decl":{"start":{"line":44,"column":22},"end":{"line":44,"column":23}},"loc":{"start":{"line":44,"column":38},"end":{"line":48,"column":13}},"line":44}},"branchMap":{},"s":{"0":1,"1":48,"2":48,"3":1,"4":1,"5":1,"6":48,"7":15,"8":15,"9":15,"10":18,"11":18,"12":18,"13":13,"14":13,"15":13},"f":{"0":48,"1":1,"2":15,"3":18,"4":13},"b":{},"_coverageSchema":"1a1c01bbd47fc00a2c39e90264f33305004495a9","hash":"3025cfd89bcba3a791ddc08654cce4853adb418c"}
,"/home/gonv/projects/personal/courses/fullstack-helsinki.fi/part5/bloglist-frontend/src/components/LoginForm.jsx": {"path":"/home/gonv/projects/personal/courses/fullstack-helsinki.fi/part5/bloglist-frontend/src/components/LoginForm.jsx","statementMap":{"0":{"start":{"line":3,"column":18},"end":{"line":33,"column":1}},"1":{"start":{"line":10,"column":2},"end":{"line":32,"column":3}},"2":{"start":{"line":35,"column":0},"end":{"line":41,"column":1}}},"fnMap":{"0":{"name":"(anonymous_0)","decl":{"start":{"line":3,"column":18},"end":{"line":3,"column":19}},"loc":{"start":{"line":9,"column":6},"end":{"line":33,"column":1}},"line":9}},"branchMap":{},"s":{"0":0,"1":0,"2":0},"f":{"0":0},"b":{}}
,"/home/gonv/projects/personal/courses/fullstack-helsinki.fi/part5/bloglist-frontend/src/components/Notification.jsx": {"path":"/home/gonv/projects/personal/courses/fullstack-helsinki.fi/part5/bloglist-frontend/src/components/Notification.jsx","statementMap":{"0":{"start":{"line":3,"column":21},"end":{"line":19,"column":1}},"1":{"start":{"line":4,"column":2},"end":{"line":11,"column":4}},"2":{"start":{"line":5,"column":4},"end":{"line":10,"column":5}},"3":{"start":{"line":6,"column":20},"end":{"line":8,"column":14}},"4":{"start":{"line":7,"column":8},"end":{"line":7,"column":46}},"5":{"start":{"line":9,"column":6},"end":{"line":9,"column":38}},"6":{"start":{"line":9,"column":19},"end":{"line":9,"column":38}},"7":{"start":{"line":13,"column":2},"end":{"line":14,"column":58}},"8":{"start":{"line":14,"column":4},"end":{"line":14,"column":58}},"9":{"start":{"line":15,"column":2},"end":{"line":16,"column":60}},"10":{"start":{"line":16,"column":4},"end":{"line":16,"column":60}},"11":{"start":{"line":18,"column":2},"end":{"line":18,"column":13}}},"fnMap":{"0":{"name":"(anonymous_0)","decl":{"start":{"line":3,"column":21},"end":{"line":3,"column":22}},"loc":{"start":{"line":3,"column":60},"end":{"line":19,"column":1}},"line":3},"1":{"name":"(anonymous_1)","decl":{"start":{"line":4,"column":12},"end":{"line":4,"column":13}},"loc":{"start":{"line":4,"column":18},"end":{"line":11,"column":3}},"line":4},"2":{"name":"(anonymous_2)","decl":{"start":{"line":6,"column":31},"end":{"line":6,"column":32}},"loc":{"start":{"line":6,"column":37},"end":{"line":8,"column":7}},"line":6},"3":{"name":"(anonymous_3)","decl":{"start":{"line":9,"column":13},"end":{"line":9,"column":14}},"loc":{"start":{"line":9,"column":19},"end":{"line":9,"column":38}},"line":9}},"branchMap":{"0":{"loc":{"start":{"line":5,"column":4},"end":{"line":10,"column":5}},"type":"if","locations":[{"start":{"line":5,"column":4},"end":{"line":10,"column":5}},{"start":{},"end":{}}],"line":5},"1":{"loc":{"start":{"line":13,"column":2},"end":{"line":14,"column":58}},"type":"if","locations":[{"start":{"line":13,"column":2},"end":{"line":14,"column":58}},{"start":{},"end":{}}],"line":13},"2":{"loc":{"start":{"line":15,"column":2},"end":{"line":16,"column":60}},"type":"if","locations":[{"start":{"line":15,"column":2},"end":{"line":16,"column":60}},{"start":{},"end":{}}],"line":15}},"s":{"0":0,"1":0,"2":0,"3":0,"4":0,"5":0,"6":0,"7":0,"8":0,"9":0,"10":0,"11":0},"f":{"0":0,"1":0,"2":0,"3":0},"b":{"0":[0,0],"1":[0,0],"2":[0,0]}}
,"/home/gonv/projects/personal/courses/fullstack-helsinki.fi/part5/bloglist-frontend/src/components/Togglable.jsx": {"path":"/home/gonv/projects/personal/courses/fullstack-helsinki.fi/part5/bloglist-frontend/src/components/Togglable.jsx","statementMap":{"0":{"start":{"line":4,"column":18},"end":{"line":31,"column":2}},"1":{"start":{"line":5,"column":32},"end":{"line":5,"column":47}},"2":{"start":{"line":7,"column":26},"end":{"line":7,"column":60}},"3":{"start":{"line":8,"column":26},"end":{"line":8,"column":60}},"4":{"start":{"line":10,"column":27},"end":{"line":12,"column":3}},"5":{"start":{"line":11,"column":4},"end":{"line":11,"column":24}},"6":{"start":{"line":14,"column":2},"end":{"line":18,"column":4}},"7":{"start":{"line":15,"column":4},"end":{"line":17,"column":5}},"8":{"start":{"line":20,"column":2},"end":{"line":30,"column":3}},"9":{"start":{"line":33,"column":0},"end":{"line":35,"column":1}},"10":{"start":{"line":37,"column":0},"end":{"line":37,"column":35}}},"fnMap":{"0":{"name":"(anonymous_0)","decl":{"start":{"line":4,"column":29},"end":{"line":4,"column":30}},"loc":{"start":{"line":4,"column":45},"end":{"line":31,"column":1}},"line":4},"1":{"name":"(anonymous_1)","decl":{"start":{"line":10,"column":27},"end":{"line":10,"column":28}},"loc":{"start":{"line":10,"column":33},"end":{"line":12,"column":3}},"line":10},"2":{"name":"(anonymous_2)","decl":{"start":{"line":14,"column":27},"end":{"line":14,"column":28}},"loc":{"start":{"line":14,"column":33},"end":{"line":18,"column":3}},"line":14}},"branchMap":{"0":{"loc":{"start":{"line":7,"column":37},"end":{"line":7,"column":58}},"type":"cond-expr","locations":[{"start":{"line":7,"column":47},"end":{"line":7,"column":53}},{"start":{"line":7,"column":56},"end":{"line":7,"column":58}}],"line":7},"1":{"loc":{"start":{"line":8,"column":37},"end":{"line":8,"column":58}},"type":"cond-expr","locations":[{"start":{"line":8,"column":47},"end":{"line":8,"column":49}},{"start":{"line":8,"column":52},"end":{"line":8,"column":58}}],"line":8}},"s":{"0":0,"1":0,"2":0,"3":0,"4":0,"5":0,"6":0,"7":0,"8":0,"9":0,"10":0},"f":{"0":0,"1":0,"2":0},"b":{"0":[0,0],"1":[0,0]}}
,"/home/gonv/projects/personal/courses/fullstack-helsinki.fi/part5/bloglist-frontend/src/services/blogs.js": {"path":"/home/gonv/projects/personal/courses/fullstack-helsinki.fi/part5/bloglist-frontend/src/services/blogs.js","statementMap":{"0":{"start":{"line":3,"column":16},"end":{"line":3,"column":28}},"1":{"start":{"line":5,"column":12},"end":{"line":5,"column":16}},"2":{"start":{"line":7,"column":17},"end":{"line":9,"column":1}},"3":{"start":{"line":8,"column":2},"end":{"line":8,"column":30}},"4":{"start":{"line":11,"column":15},"end":{"line":14,"column":1}},"5":{"start":{"line":12,"column":19},"end":{"line":12,"column":43}},"6":{"start":{"line":13,"column":2},"end":{"line":13,"column":22}},"7":{"start":{"line":16,"column":15},"end":{"line":23,"column":1}},"8":{"start":{"line":17,"column":17},"end":{"line":19,"column":3}},"9":{"start":{"line":21,"column":19},"end":{"line":21,"column":63}},"10":{"start":{"line":22,"column":2},"end":{"line":22,"column":22}},"11":{"start":{"line":25,"column":15},"end":{"line":28,"column":1}},"12":{"start":{"line":26,"column":19},"end":{"line":26,"column":65}},"13":{"start":{"line":27,"column":2},"end":{"line":27,"column":22}},"14":{"start":{"line":30,"column":15},"end":{"line":37,"column":1}},"15":{"start":{"line":31,"column":17},"end":{"line":33,"column":3}},"16":{"start":{"line":35,"column":19},"end":{"line":35,"column":65}},"17":{"start":{"line":36,"column":2},"end":{"line":36,"column":22}}},"fnMap":{"0":{"name":"(anonymous_0)","decl":{"start":{"line":7,"column":17},"end":{"line":7,"column":18}},"loc":{"start":{"line":7,"column":29},"end":{"line":9,"column":1}},"line":7},"1":{"name":"(anonymous_1)","decl":{"start":{"line":11,"column":15},"end":{"line":11,"column":16}},"loc":{"start":{"line":11,"column":27},"end":{"line":14,"column":1}},"line":11},"2":{"name":"(anonymous_2)","decl":{"start":{"line":16,"column":15},"end":{"line":16,"column":16}},"loc":{"start":{"line":16,"column":34},"end":{"line":23,"column":1}},"line":16},"3":{"name":"(anonymous_3)","decl":{"start":{"line":25,"column":15},"end":{"line":25,"column":16}},"loc":{"start":{"line":25,"column":40},"end":{"line":28,"column":1}},"line":25},"4":{"name":"(anonymous_4)","decl":{"start":{"line":30,"column":15},"end":{"line":30,"column":16}},"loc":{"start":{"line":30,"column":27},"end":{"line":37,"column":1}},"line":30}},"branchMap":{},"s":{"0":0,"1":0,"2":0,"3":0,"4":0,"5":0,"6":0,"7":0,"8":0,"9":0,"10":0,"11":0,"12":0,"13":0,"14":0,"15":0,"16":0,"17":0},"f":{"0":0,"1":0,"2":0,"3":0,"4":0},"b":{}}
,"/home/gonv/projects/personal/courses/fullstack-helsinki.fi/part5/bloglist-frontend/src/services/login.js": {"path":"/home/gonv/projects/personal/courses/fullstack-helsinki.fi/part5/bloglist-frontend/src/services/login.js","statementMap":{"0":{"start":{"line":3,"column":16},"end":{"line":3,"column":28}},"1":{"start":{"line":5,"column":14},"end":{"line":8,"column":1}},"2":{"start":{"line":6,"column":19},"end":{"line":6,"column":57}},"3":{"start":{"line":7,"column":2},"end":{"line":7,"column":22}}},"fnMap":{"0":{"name":"(anonymous_0)","decl":{"start":{"line":5,"column":14},"end":{"line":5,"column":15}},"loc":{"start":{"line":5,"column":35},"end":{"line":8,"column":1}},"line":5}},"branchMap":{},"s":{"0":0,"1":0,"2":0,"3":0},"f":{"0":0},"b":{}}
}
